<component name="libraryTable">
  <library name="junit:junit:3.8" type="repository">
    <properties maven-id="junit:junit:3.8" />
    <CLASSES>
      <root url="jar://$PROJECT_DIR$/lib/junit-3.8.jar!/" />
    </CLASSES>
    <JAVADOC />
    <SOURCES />
  </library>
</component>